<?xml version="1.0" encoding="UTF-8"?>
<!-- Generated by org.testng.reporters.JUnitReportReporter -->
<testsuite hostname="Satishraj" failures="0" tests="1" name="com.actitime.testscript.CreateCustomer$CustomerCustomer" time="0.016" errors="0" timestamp="14 Apr 2023 09:04:02 GMT" skipped="0">
  <testcase classname="com.actitime.testscript.CreateCustomer$CustomerCustomer" name="createCustomer" time="0.016"/>
</testsuite> <!-- com.actitime.testscript.CreateCustomer$CustomerCustomer -->
