<?xml version="1.0" encoding="UTF-8"?>
<!-- Generated by org.testng.reporters.JUnitReportReporter -->
<testsuite hostname="Satishraj" failures="0" tests="1" name="com.actitime.testscript.CreateCustomer$CustomerModule" time="0.010" errors="0" timestamp="13 Apr 2023 17:35:08 GMT" skipped="0">
  <testcase classname="com.actitime.testscript.CreateCustomer$CustomerModule" name="createCustomer" time="0.010"/>
</testsuite> <!-- com.actitime.testscript.CreateCustomer$CustomerModule -->
